<?xml version="1.0" encoding="UTF-8"?>
<!-- Generated by org.testng.reporters.JUnitReportReporter -->
<testsuite hostname="DESKTOP-MUIS24O" failures="0" tests="2" name="testsCases.AddressValidationTest" time="38.354" errors="0" timestamp="2020-08-11T13:26:37 CEST" skipped="0">
  <testcase classname="testsCases.AddressValidationTest" name="addressTest" time="22.376"/>
  <system-out/>
  <testcase classname="testsCases.AddressValidationTest" name="addressTest" time="15.978"/>
  <system-out/>
</testsuite> <!-- testsCases.AddressValidationTest -->
