<?xml version="1.0" encoding="UTF-8"?>
<!-- Generated by org.testng.reporters.JUnitReportReporter -->
<testsuite hostname="DESKTOP-MUIS24O" failures="0" tests="2" name="testsCases.AddressValidationTest" time="30.283" errors="0" timestamp="2020-08-10T17:57:33 CEST" skipped="0">
  <testcase classname="testsCases.AddressValidationTest" name="addressTest" time="14.027"/>
  <system-out/>
  <testcase classname="testsCases.AddressValidationTest" name="addressTest" time="16.256"/>
  <system-out/>
</testsuite> <!-- testsCases.AddressValidationTest -->
