<?xml version="1.0" encoding="UTF-8"?>
<!-- Generated by org.testng.reporters.JUnitReportReporter -->
<testsuite hostname="DESKTOP-MUIS24O" failures="0" tests="1" name="testsCases.PaypalPaymentValidation" time="24.838" errors="0" timestamp="2020-08-11T11:56:37 CEST" skipped="0">
  <testcase classname="testsCases.PaypalPaymentValidation" name="paypalPaymentValidation" time="24.838"/>
  <system-out/>
</testsuite> <!-- testsCases.PaypalPaymentValidation -->
