<?xml version="1.0" encoding="UTF-8"?>
<!-- Generated by org.testng.reporters.JUnitReportReporter -->
<testsuite hostname="DESKTOP-MUIS24O" failures="0" tests="2" name="testsCases.AddressValidationTest" time="37.963" errors="0" timestamp="2020-08-03T19:04:21 CEST" skipped="0">
  <testcase classname="testsCases.AddressValidationTest" name="addressTest" time="17.140"/>
  <system-out/>
  <testcase classname="testsCases.AddressValidationTest" name="addressTest" time="20.823"/>
  <system-out/>
</testsuite> <!-- testsCases.AddressValidationTest -->
