<?xml version="1.0" encoding="UTF-8"?>
<!-- Generated by org.testng.reporters.JUnitReportReporter -->
<testsuite hostname="DESKTOP-MUIS24O" failures="0" tests="2" name="testsCases.AddressValidationTest" time="35.627" errors="0" timestamp="2020-08-11T11:56:37 CEST" skipped="0">
  <testcase classname="testsCases.AddressValidationTest" name="addressTest" time="17.760"/>
  <system-out/>
  <testcase classname="testsCases.AddressValidationTest" name="addressTest" time="17.867"/>
  <system-out/>
</testsuite> <!-- testsCases.AddressValidationTest -->
