<?xml version="1.0" encoding="UTF-8"?>
<!-- Generated by org.testng.reporters.JUnitReportReporter -->
<testsuite hostname="DESKTOP-MUIS24O" failures="0" tests="1" name="testsCases.AddressValidationTest" time="15.234" errors="0" timestamp="2020-08-02T10:55:59 ART" skipped="0">
  <testcase classname="testsCases.AddressValidationTest" name="addressTest" time="15.234"/>
  <system-out/>
</testsuite> <!-- testsCases.AddressValidationTest -->
