<?xml version="1.0" encoding="UTF-8"?>
<!-- Generated by org.testng.reporters.JUnitReportReporter -->
<testsuite hostname="DESKTOP-MUIS24O" failures="0" tests="1" name="testsCases.AddToCartValidation" time="17.957" errors="0" timestamp="2020-08-11T11:56:37 CEST" skipped="0">
  <testcase classname="testsCases.AddToCartValidation" name="addItemToCart" time="17.957"/>
  <system-out/>
</testsuite> <!-- testsCases.AddToCartValidation -->
