<?xml version="1.0" encoding="UTF-8"?>
<!-- Generated by org.testng.reporters.JUnitReportReporter -->
<testsuite hostname="DESKTOP-MUIS24O" failures="0" tests="2" name="testsCases.AddressValidationTest" time="29.149" errors="0" timestamp="2020-08-03T19:33:39 CEST" skipped="0">
  <testcase classname="testsCases.AddressValidationTest" name="addressTest" time="15.836"/>
  <system-out/>
  <testcase classname="testsCases.AddressValidationTest" name="addressTest" time="13.313"/>
  <system-out/>
</testsuite> <!-- testsCases.AddressValidationTest -->
