<?xml version="1.0" encoding="UTF-8"?>
<!-- Generated by org.testng.reporters.JUnitReportReporter -->
<testsuite hostname="DESKTOP-MUIS24O" failures="0" tests="2" name="testsCases.AddressValidationTest" time="31.804" errors="0" timestamp="2020-08-10T10:53:18 CEST" skipped="0">
  <testcase classname="testsCases.AddressValidationTest" name="addressTest" time="17.755"/>
  <system-out/>
  <testcase classname="testsCases.AddressValidationTest" name="addressTest" time="14.049"/>
  <system-out/>
</testsuite> <!-- testsCases.AddressValidationTest -->
