<?xml version="1.0" encoding="UTF-8"?>
<!-- Generated by org.testng.reporters.JUnitReportReporter -->
<testsuite hostname="DESKTOP-MUIS24O" failures="0" tests="1" name="tests.AddressValidationTest" time="10.453" errors="0" timestamp="2020-07-31T18:10:22 PDT" skipped="0">
  <testcase classname="tests.AddressValidationTest" name="addressTest" time="10.453"/>
  <system-out/>
</testsuite> <!-- tests.AddressValidationTest -->
